
Skript, který provede navržených pět dotazů znovu
=================================================

.. tentokrát nad objektovými tabulkami (operace Join bude nahrazena využitím objektových referencí a dereferencí atd.)
.. - požadovaný výstup stejně jako v „neobjektové“ verzi


Výpis všech výpůjček pro daného klienta
=======================================

Dotaz
-----

.. code-block:: sql

    SELECT * FROM VYPUJCKA_OBJ_TABLE WHERE zakaznik.jmeno = 'Buckley Stark'

Výpis
-----

.. code-block:: sql

    ID ZACATEK                      KONEC                        DATUM_SJEDNANI               DATUM_VRACENI                ID_ZAKAZNIK CISLO_POJISTKY               
    ___________________________________________________________________________________________________________________________________
    1686 04.05.15 00:24:21,000000000  02.06.15 10:20:54,000000000  20.01.15 02:32:01,000000000  03.06.15 16:57:55,000000000          260 349745371                      
    3970 25.03.15 01:51:45,000000000  04.06.15 02:50:42,000000000  19.06.14 09:09:26,000000000  05.06.15 20:00:30,000000000          260 901504535                      
    5937 06.02.15 03:39:30,000000000  03.06.15 03:03:42,000000000  09.03.14 06:34:01,000000000  05.06.15 05:32:09,000000000          260 969181003                      
    8680 04.05.15 00:24:21,000000000  02.06.15 10:20:54,000000000  20.01.15 02:32:01,000000000  03.06.15 16:57:55,000000000          260 349745371   

    Plan hash value: 755633740
     
    ---------------------------------------------------------------------------------------------------
    | Id  | Operation                    | Name               | Rows  | Bytes | Cost (%CPU)| Time     |
    ---------------------------------------------------------------------------------------------------
    |   0 | SELECT STATEMENT             |                    |     1 |   124 |     4   (0)| 00:00:01 |
    |   1 |  NESTED LOOPS                |                    |       |       |            |          |
    |   2 |   NESTED LOOPS               |                    |     1 |   124 |     4   (0)| 00:00:01 |
    |   3 |    TABLE ACCESS FULL         | VYPUJCKA_OBJ_TABLE |     1 |    45 |     3   (0)| 00:00:01 |
    |*  4 |    INDEX UNIQUE SCAN         | SYS_C00133168      |     1 |       |     0   (0)| 00:00:01 |
    |*  5 |   TABLE ACCESS BY INDEX ROWID| ZAKAZNIK           |     1 |    79 |     1   (0)| 00:00:01 |
    ---------------------------------------------------------------------------------------------------
     
    Predicate Information (identified by operation id):
    ---------------------------------------------------
     
       4 - access("VYPUJCKA"."ID_ZAKAZNIK"="ZAKAZNIK"."ID")
       5 - filter("ZAKAZNIK"."JMENO"='Buckley Stark')



Výpis všech půjčených vozidel a s počtem dnů do konce výpůjčky.
===============================================================

Dotaz
-----

.. code-block:: sql

    SELECT polozka_vypujcky.*, trunc(sysdate) - vypujcka.konec AS dnu_do_konce FROM polozka_vypujcky JOIN vypujcka ON polozka_vypujcky.id_vypujcka = vypujcka.id WHERE id_vozidlo IS NOT NULL ORDER BY dnu_do_konce DESC 

Výpis
-----

.. code-block:: sql

            ID      VYPUJCKA    VOZIDLO            DNU_DO_KONCE
    ---------- ----------- ---------- ---------- ------------
         14990        OBJECT     OBJECT            6 23:58:27.0 
         11574        OBJECT     OBJECT            6 23:56:21.0 
          9335        OBJECT     OBJECT            6 23:56:1.0  
         19225        OBJECT     OBJECT            6 23:51:45.0 
         18770        OBJECT     OBJECT            6 23:51:45.0 
         14938        OBJECT     OBJECT            6 23:51:45.0 
         11810        OBJECT     OBJECT            6 23:51:44.0 
         13814        OBJECT     OBJECT            6 23:51:44.0 
          8932        OBJECT     OBJECT            6 23:51:44.0 
         19715        OBJECT     OBJECT            6 23:48:10.0 
         19086        OBJECT     OBJECT            6 23:48:10.0 
         14217        OBJECT     OBJECT            6 23:48:10.0 
         16790        OBJECT     OBJECT            6 23:48:10.0 
         13618        OBJECT     OBJECT            6 23:47:3.0  
         17918        OBJECT     OBJECT            6 23:47:3.0  
          8180        OBJECT     OBJECT            6 23:45:4.0  
          9073        OBJECT     OBJECT            6 23:45:4.0  
         20119        OBJECT     OBJECT            6 23:45:4.0  
         18854        OBJECT     OBJECT            6 23:45:4.0  
          6764        OBJECT     OBJECT            6 23:45:4.0  
         11914        OBJECT     OBJECT            6 23:44:10.0 
         20633        OBJECT     OBJECT            6 23:44:10.0 
          7045        OBJECT     OBJECT            6 23:44:10.0 
         17355        OBJECT     OBJECT            6 23:43:30.0 
         19482        OBJECT     OBJECT            6 23:43:30.0 
         20514        OBJECT     OBJECT            6 23:43:30.0 
         16424        OBJECT     OBJECT            6 23:43:30.0 
         18004        OBJECT     OBJECT            6 23:37:56.0 
         10868        OBJECT     OBJECT            6 23:37:5.0  
         13236        OBJECT     OBJECT            6 23:37:5.0  
          8425        OBJECT     OBJECT            6 23:37:5.0  
          7197        OBJECT     OBJECT            6 23:37:5.0  
         12389        OBJECT     OBJECT            6 23:37:5.0  
          7531        OBJECT     OBJECT            6 23:36:20.0 
         18922        OBJECT     OBJECT            6 23:36:20.0 
         15901        OBJECT     OBJECT            6 23:36:20.0 
          7082        OBJECT     OBJECT            6 23:34:50.0 
         19160        OBJECT     OBJECT            6 23:34:50.0 
          6290        OBJECT     OBJECT            6 23:32:43.0 
          6039        OBJECT     OBJECT            6 23:32:43.0 
          8553        OBJECT     OBJECT            6 23:27:59.0 
          9553        OBJECT     OBJECT            6 23:27:59.0 
         20469        OBJECT     OBJECT            6 23:27:1.0  
          7820        OBJECT     OBJECT            6 23:26:36.0 
          9533        OBJECT     OBJECT            6 23:24:17.0 
         20666        OBJECT     OBJECT            6 23:23:0.0  
         13896        OBJECT     OBJECT            6 23:20:36.0 
         
         
         
         
         Plan hash value: 2039103391
     
    ---------------------------------------------------------------------------------------------------
    | Id  | Operation                      | Name               | Rows  | Bytes | Cost (%CPU)| Time     |
    ---------------------------------------------------------------------------------------------------
    |   0 | SELECT STATEMENT               |                    |     1 |    62 |     1 (100)| 00:00:01 |
    |   1 |  SORT ORDER BY                 |                    |     1 |    62 |     1 (100)| 00:00:01 |
    |   2 |   NESTED LOOPS                 |                    |       |       |            |          |
    |   3 |    NESTED LOOPS                |                    |     1 |    62 |     0   (0)| 00:00:01 |
    |*  4 |     TABLE ACCESS BY INDEX ROWID| POLOZKA_VYPUJCKY   |     1 |    52 |     0   (0)| 00:00:01 |
    |*  5 |      INDEX RANGE SCAN          | SYS_C00133278      |     1 |       |     0   (0)| 00:00:01 |
    |*  6 |     INDEX UNIQUE SCAN          | SYS_C00133160      |     1 |       |     0   (0)| 00:00:01 |
    |   7 |    TABLE ACCESS BY INDEX ROWID | VYPUJCKA_OBJ_TABLE |     1 |    10 |     0   (0)| 00:00:01 |
    ---------------------------------------------------------------------------------------------------


Výpis všech nevrácených výpůjček po datumu vrácení
===================================================

Dotaz
-----

.. code-block:: sql

    SELECT * FROM VYPUJCKA_OBJ_TABLE WHERE konec < sysdate AND datum_vraceni is NULL

Výpis
-----

.. code-block:: sql

        ID ZACATEK                      KONEC                        DATUM_SJEDNANI                 ZAKAZNIK CISLO_POJISTKY               
    ---------- ---------------------------- ---------------------------- ---------------------------- ---------------------------- ----------- 
       286 27.02.15 04:28:36,000000000  06.06.15 17:06:21,000000000  25.12.14 12:56:47,000000000      OBJECT      267349504                      
       287 29.04.15 15:15:18,000000000  03.06.15 23:00:41,000000000  04.01.15 20:26:31,000000000      OBJECT      602419577                      
       290 20.04.15 14:23:18,000000000  03.06.15 02:54:25,000000000  30.09.14 01:16:04,000000000      OBJECT      445322202                      
       303 09.02.15 11:50:19,000000000  04.06.15 15:56:52,000000000  21.06.14 22:03:18,000000000      OBJECT      625671929                      
       328 28.02.15 21:11:12,000000000  07.06.15 03:06:46,000000000  07.01.15 21:01:47,000000000      OBJECT        997176712                      

        Plan hash value: 4169246078
         
        ------------------------------------------------------------------------------
        | Id  | Operation         | Name               | Rows  | Bytes | Cost (%CPU)| Time     |
        ------------------------------------------------------------------------------
        |   0 | SELECT STATEMENT  |                    |     1 |    45 |     3   (0)| 00:00:01 |
        |*  1 |  TABLE ACCESS FULL| VYPUJCKA_OBJ_TABLE |     1 |    45 |     3   (0)| 00:00:01 |
        ------------------------------------------------------------------------------
         
        Predicate Information (identified by operation id):
        ---------------------------------------------------
         
           1 - filter("DATUM_VRACENI" IS NULL AND "KONEC"<SYSDATE@! AND 
                      "ZACATEK"<SYSDATE@!)

Vyhledání vozidla nebo motocyklu pro dané parametry
===================================================

Dotaz
-----

.. code-block:: sql

    SELECT oznaceni.*, vozidlo.spz FROM vozidlo_obj_table JOIN oznaceni ON vozidlo.id_oznaceni = oznaceni.id WHERE oznaceni= oznaceni_typ('Cadillac', 'STS');

Výpis
-----

.. code-block:: sql

         ID    VYROBCE                                            NAZEV                                              SPZ                
    ---------- -------------------------------------------------- -------------------------------------------------- --------------------
           147 Cadillac                                           STS                                                n9nyu8fr             
           147 Cadillac                                           STS                                                srybvs4i             
           147 Cadillac                                           STS                                                w1zqto6r             

    Plan hash value: 2898125470
     
    --------------------------------------------------------------------------------------------
    | Id  | Operation                    | Name              | Rows  | Bytes | Cost (%CPU)| Time     |
    --------------------------------------------------------------------------------------------
    |   0 | SELECT STATEMENT             |                   |     1 |    32 |     8   (0)| 00:00:01 |
    |   1 |  NESTED LOOPS                |                   |       |       |            |          |
    |   2 |   NESTED LOOPS               |                   |     1 |    32 |     8   (0)| 00:00:01 |
    *   3 |  TABLE ACCESS FULL           | VOZIDLO_OBJ_TABLE |     1 |    45 |     3   (0)| 00:00:01 |
    --------------------------------------------------------------------------------------------
     
    Predicate Information (identified by operation id):
    ---------------------------------------------------
     
       3 - filter("OZNACENI"."oznaceni_typ('Cadillac', 'STS')")
       4 - access("VOZIDLO"."ID_OZNACENI"="OZNACENI"."ID")


